0 info it worked if it ends with ok
1 verbose cli [ '/usr/local/nvm/v5.0.0/bin/node',
1 verbose cli   '/usr/local/bin/npm',
1 verbose cli   'start' ]
2 info using npm@3.3.6
3 info using node@v5.0.0
4 verbose run-script [ 'prestart', 'start', 'poststart' ]
5 info lifecycle 00-setup@1.0.0~prestart: 00-setup@1.0.0
6 silly lifecycle 00-setup@1.0.0~prestart: no script for prestart, continuing
7 info lifecycle 00-setup@1.0.0~start: 00-setup@1.0.0
8 verbose lifecycle 00-setup@1.0.0~start: unsafe-perm in lifecycle true
9 verbose lifecycle 00-setup@1.0.0~start: PATH: /usr/local/nvm/v5.0.0/lib/node_modules/npm/bin/node-gyp-bin:/home/preeti/Documents/MyAssignments/reactjs-assignments/react-fundumentals/egghead-react-fundamentals-es6-master/lessons/00-setup/node_modules/.bin:/usr/local/sbin:/usr/local/bin:/usr/sbin:/usr/bin:/sbin:/bin:/usr/games:/usr/local/games
10 verbose lifecycle 00-setup@1.0.0~start: CWD: /home/preeti/Documents/MyAssignments/reactjs-assignments/react-fundumentals/egghead-react-fundamentals-es6-master/lessons/00-setup
11 silly lifecycle 00-setup@1.0.0~start: Args: [ '-c', 'webpack-dev-server' ]
12 silly lifecycle 00-setup@1.0.0~start: Returned: code: 1  signal: null
13 info lifecycle 00-setup@1.0.0~start: Failed to exec start script
14 verbose stack Error: 00-setup@1.0.0 start: `webpack-dev-server`
14 verbose stack Exit status 1
14 verbose stack     at EventEmitter.<anonymous> (/usr/local/nvm/v5.0.0/lib/node_modules/npm/lib/utils/lifecycle.js:233:16)
14 verbose stack     at emitTwo (events.js:87:13)
14 verbose stack     at EventEmitter.emit (events.js:172:7)
14 verbose stack     at ChildProcess.<anonymous> (/usr/local/nvm/v5.0.0/lib/node_modules/npm/lib/utils/spawn.js:24:14)
14 verbose stack     at emitTwo (events.js:87:13)
14 verbose stack     at ChildProcess.emit (events.js:172:7)
14 verbose stack     at maybeClose (internal/child_process.js:818:16)
14 verbose stack     at Process.ChildProcess._handle.onexit (internal/child_process.js:211:5)
15 verbose pkgid 00-setup@1.0.0
16 verbose cwd /home/preeti/Documents/MyAssignments/reactjs-assignments/react-fundumentals/egghead-react-fundamentals-es6-master/lessons/00-setup
17 error Linux 3.19.0-47-generic
18 error argv "/usr/local/nvm/v5.0.0/bin/node" "/usr/local/bin/npm" "start"
19 error node v5.0.0
20 error npm  v3.3.6
21 error code ELIFECYCLE
22 error 00-setup@1.0.0 start: `webpack-dev-server`
22 error Exit status 1
23 error Failed at the 00-setup@1.0.0 start script 'webpack-dev-server'.
23 error This is most likely a problem with the 00-setup package,
23 error not with npm itself.
23 error Tell the author that this fails on your system:
23 error     webpack-dev-server
23 error You can get their info via:
23 error     npm owner ls 00-setup
23 error There is likely additional logging output above.
24 verbose exit [ 1, true ]
